<?xml version="1.0" encoding="UTF-8"?>
<!-- Generated by org.testng.reporters.JUnitReportReporter -->
<testsuite hostname="LAPTOP-I1NJ5AM8" failures="0" tests="1" name="testpkg.sourcelogintest" time="3.960" errors="0" timestamp="2024-04-05T20:26:28 IST" skipped="0">
  <testcase classname="testpkg.sourcelogintest" name="verifyloginwithvalidcred" time="3.960"/>
</testsuite> <!-- testpkg.sourcelogintest -->
